{"C:\\Users\\Nelson\\Desktop\\book-analytics\\src\\server.ts": {"path":"C:\\Users\\Nelson\\Desktop\\book-analytics\\src\\server.ts","statementMap":{"0":{"start":{"line":12,"column":0},"end":{"line":12,"column":15}},"1":{"start":{"line":23,"column":12},"end":{"line":23,"column":21}},"2":{"start":{"line":24,"column":13},"end":{"line":24,"column":17}},"3":{"start":{"line":26,"column":0},"end":{"line":26,"column":23}},"4":{"start":{"line":27,"column":0},"end":{"line":27,"column":46}},"5":{"start":{"line":28,"column":0},"end":{"line":28,"column":15}},"6":{"start":{"line":29,"column":0},"end":{"line":29,"column":23}},"7":{"start":{"line":30,"column":0},"end":{"line":34,"column":3}},"8":{"start":{"line":35,"column":0},"end":{"line":35,"column":51}},"9":{"start":{"line":36,"column":0},"end":{"line":36,"column":26}},"10":{"start":{"line":39,"column":0},"end":{"line":39,"column":32}},"11":{"start":{"line":40,"column":0},"end":{"line":40,"column":34}},"12":{"start":{"line":44,"column":21},"end":{"line":61,"column":1}},"13":{"start":{"line":45,"column":4},"end":{"line":60,"column":7}},"14":{"start":{"line":46,"column":8},"end":{"line":46,"column":39}},"15":{"start":{"line":62,"column":0},"end":{"line":62,"column":14}}},"fnMap":{"0":{"name":"(anonymous_0)","decl":{"start":{"line":44,"column":21},"end":{"line":44,"column":22}},"loc":{"start":{"line":44,"column":32},"end":{"line":61,"column":1}},"line":44}},"branchMap":{},"s":{"0":2,"1":2,"2":2,"3":2,"4":2,"5":2,"6":2,"7":2,"8":2,"9":2,"10":2,"11":2,"12":2,"13":2,"14":2,"15":2},"f":{"0":2},"b":{},"_coverageSchema":"1a1c01bbd47fc00a2c39e90264f33305004495a9","hash":"71768fca62d709d87d54d35be6c27acfef2e055c"}
,"C:\\Users\\Nelson\\Desktop\\book-analytics\\src\\controllers\\movie.controllers.ts": {"path":"C:\\Users\\Nelson\\Desktop\\book-analytics\\src\\controllers\\movie.controllers.ts","statementMap":{"0":{"start":{"line":4,"column":16},"end":{"line":4,"column":34}},"1":{"start":{"line":6,"column":25},"end":{"line":20,"column":1}},"2":{"start":{"line":8,"column":49},"end":{"line":8,"column":58}},"3":{"start":{"line":9,"column":4},"end":{"line":19,"column":5}},"4":{"start":{"line":10,"column":23},"end":{"line":10,"column":112}},"5":{"start":{"line":12,"column":8},"end":{"line":15,"column":10}},"6":{"start":{"line":18,"column":8},"end":{"line":18,"column":23}},"7":{"start":{"line":22,"column":27},"end":{"line":45,"column":1}},"8":{"start":{"line":24,"column":20},"end":{"line":24,"column":29}},"9":{"start":{"line":25,"column":87},"end":{"line":25,"column":95}},"10":{"start":{"line":26,"column":4},"end":{"line":44,"column":5}},"11":{"start":{"line":27,"column":8},"end":{"line":41,"column":9}},"12":{"start":{"line":28,"column":26},"end":{"line":28,"column":130}},"13":{"start":{"line":30,"column":12},"end":{"line":33,"column":14}},"14":{"start":{"line":35,"column":26},"end":{"line":35,"column":120}},"15":{"start":{"line":37,"column":12},"end":{"line":40,"column":14}},"16":{"start":{"line":43,"column":8},"end":{"line":43,"column":23}},"17":{"start":{"line":48,"column":28},"end":{"line":64,"column":1}},"18":{"start":{"line":49,"column":17},"end":{"line":49,"column":27}},"19":{"start":{"line":50,"column":4},"end":{"line":63,"column":5}},"20":{"start":{"line":52,"column":8},"end":{"line":52,"column":23}},"21":{"start":{"line":53,"column":22},"end":{"line":53,"column":60}},"22":{"start":{"line":55,"column":8},"end":{"line":55,"column":26}},"23":{"start":{"line":57,"column":8},"end":{"line":60,"column":10}},"24":{"start":{"line":62,"column":8},"end":{"line":62,"column":23}}},"fnMap":{"0":{"name":"(anonymous_0)","decl":{"start":{"line":6,"column":25},"end":{"line":6,"column":26}},"loc":{"start":{"line":6,"column":62},"end":{"line":20,"column":1}},"line":6},"1":{"name":"(anonymous_1)","decl":{"start":{"line":22,"column":27},"end":{"line":22,"column":28}},"loc":{"start":{"line":22,"column":64},"end":{"line":45,"column":1}},"line":22},"2":{"name":"(anonymous_2)","decl":{"start":{"line":48,"column":28},"end":{"line":48,"column":29}},"loc":{"start":{"line":48,"column":65},"end":{"line":64,"column":1}},"line":48}},"branchMap":{"0":{"loc":{"start":{"line":8,"column":11},"end":{"line":8,"column":19}},"type":"default-arg","locations":[{"start":{"line":8,"column":18},"end":{"line":8,"column":19}}],"line":8},"1":{"loc":{"start":{"line":8,"column":21},"end":{"line":8,"column":30}},"type":"default-arg","locations":[{"start":{"line":8,"column":28},"end":{"line":8,"column":30}}],"line":8},"2":{"loc":{"start":{"line":27,"column":8},"end":{"line":41,"column":9}},"type":"if","locations":[{"start":{"line":27,"column":8},"end":{"line":41,"column":9}},{"start":{"line":34,"column":15},"end":{"line":41,"column":9}}],"line":27}},"s":{"0":2,"1":2,"2":1,"3":1,"4":1,"5":1,"6":0,"7":2,"8":2,"9":2,"10":2,"11":2,"12":1,"13":1,"14":1,"15":1,"16":0,"17":2,"18":1,"19":1,"20":1,"21":1,"22":1,"23":1,"24":0},"f":{"0":1,"1":2,"2":1},"b":{"0":[1],"1":[1],"2":[1,1]},"_coverageSchema":"1a1c01bbd47fc00a2c39e90264f33305004495a9","hash":"7e8726d49c055c37ff2169589c715a8bbbefe341"}
,"C:\\Users\\Nelson\\Desktop\\book-analytics\\src\\controllers\\user.controllers.ts": {"path":"C:\\Users\\Nelson\\Desktop\\book-analytics\\src\\controllers\\user.controllers.ts","statementMap":{"0":{"start":{"line":3,"column":17},"end":{"line":3,"column":34}},"1":{"start":{"line":5,"column":23},"end":{"line":11,"column":1}},"2":{"start":{"line":6,"column":4},"end":{"line":10,"column":5}},"3":{"start":{"line":7,"column":8},"end":{"line":7,"column":31}},"4":{"start":{"line":9,"column":8},"end":{"line":9,"column":26}},"5":{"start":{"line":13,"column":29},"end":{"line":27,"column":1}},"6":{"start":{"line":14,"column":41},"end":{"line":14,"column":49}},"7":{"start":{"line":15,"column":4},"end":{"line":26,"column":5}},"8":{"start":{"line":16,"column":24},"end":{"line":16,"column":87}},"9":{"start":{"line":18,"column":8},"end":{"line":18,"column":34}},"10":{"start":{"line":20,"column":8},"end":{"line":23,"column":10}},"11":{"start":{"line":25,"column":8},"end":{"line":25,"column":25}}},"fnMap":{"0":{"name":"(anonymous_0)","decl":{"start":{"line":5,"column":23},"end":{"line":5,"column":24}},"loc":{"start":{"line":5,"column":60},"end":{"line":11,"column":1}},"line":5},"1":{"name":"(anonymous_1)","decl":{"start":{"line":13,"column":29},"end":{"line":13,"column":30}},"loc":{"start":{"line":13,"column":66},"end":{"line":27,"column":1}},"line":13}},"branchMap":{},"s":{"0":2,"1":2,"2":0,"3":0,"4":0,"5":2,"6":1,"7":1,"8":1,"9":1,"10":1,"11":0},"f":{"0":0,"1":1},"b":{},"_coverageSchema":"1a1c01bbd47fc00a2c39e90264f33305004495a9","hash":"d297cfa126b2b9d22e55ed2eaacc7d6dae99da57"}
,"C:\\Users\\Nelson\\Desktop\\book-analytics\\src\\db\\pgConfig.ts": {"path":"C:\\Users\\Nelson\\Desktop\\book-analytics\\src\\db\\pgConfig.ts","statementMap":{"0":{"start":{"line":2,"column":0},"end":{"line":2,"column":15}},"1":{"start":{"line":4,"column":24},"end":{"line":26,"column":3}}},"fnMap":{},"branchMap":{},"s":{"0":2,"1":2},"f":{},"b":{},"_coverageSchema":"1a1c01bbd47fc00a2c39e90264f33305004495a9","hash":"e8ecec42127a11bce5c0c7afe9a54a1cdf223e5b"}
,"C:\\Users\\Nelson\\Desktop\\book-analytics\\src\\db\\pgConnection.ts": {"path":"C:\\Users\\Nelson\\Desktop\\book-analytics\\src\\db\\pgConnection.ts","statementMap":{"0":{"start":{"line":5,"column":70},"end":{"line":5,"column":78}},"1":{"start":{"line":9,"column":25},"end":{"line":12,"column":4}}},"fnMap":{},"branchMap":{},"s":{"0":2,"1":2},"f":{},"b":{},"_coverageSchema":"1a1c01bbd47fc00a2c39e90264f33305004495a9","hash":"bc5560bd524cd7f01e2a2a89fb7d885f44fa79b5"}
,"C:\\Users\\Nelson\\Desktop\\book-analytics\\src\\db\\models\\movie.table.ts": {"path":"C:\\Users\\Nelson\\Desktop\\book-analytics\\src\\db\\models\\movie.table.ts","statementMap":{"0":{"start":{"line":4,"column":21},"end":{"line":15,"column":2}}},"fnMap":{},"branchMap":{},"s":{"0":2},"f":{},"b":{},"_coverageSchema":"1a1c01bbd47fc00a2c39e90264f33305004495a9","hash":"76cf3f595af9cb2fbe37b210eb0ccac675675bd8"}
,"C:\\Users\\Nelson\\Desktop\\book-analytics\\src\\db\\models\\user.table.ts": {"path":"C:\\Users\\Nelson\\Desktop\\book-analytics\\src\\db\\models\\user.table.ts","statementMap":{"0":{"start":{"line":4,"column":20},"end":{"line":15,"column":2}}},"fnMap":{},"branchMap":{},"s":{"0":2},"f":{},"b":{},"_coverageSchema":"1a1c01bbd47fc00a2c39e90264f33305004495a9","hash":"2a8d715b98447f5d1be5f4e61ac6691d431e5be2"}
,"C:\\Users\\Nelson\\Desktop\\book-analytics\\src\\models\\customError.model.ts": {"path":"C:\\Users\\Nelson\\Desktop\\book-analytics\\src\\models\\customError.model.ts","statementMap":{"0":{"start":{"line":10,"column":6},"end":{"line":10,"column":25}},"1":{"start":{"line":11,"column":6},"end":{"line":11,"column":56}},"2":{"start":{"line":13,"column":6},"end":{"line":13,"column":23}},"3":{"start":{"line":14,"column":6},"end":{"line":14,"column":31}},"4":{"start":{"line":15,"column":6},"end":{"line":15,"column":36}},"5":{"start":{"line":16,"column":6},"end":{"line":16,"column":41}},"6":{"start":{"line":18,"column":6},"end":{"line":18,"column":36}}},"fnMap":{"0":{"name":"(anonymous_0)","decl":{"start":{"line":9,"column":4},"end":{"line":9,"column":5}},"loc":{"start":{"line":9,"column":93},"end":{"line":19,"column":5}},"line":9}},"branchMap":{},"s":{"0":0,"1":0,"2":0,"3":0,"4":0,"5":0,"6":0},"f":{"0":0},"b":{},"_coverageSchema":"1a1c01bbd47fc00a2c39e90264f33305004495a9","hash":"25e5ad695eb75be0bb0fdc703d189c9a64f5cb3d"}
,"C:\\Users\\Nelson\\Desktop\\book-analytics\\src\\models\\movie.model.ts": {"path":"C:\\Users\\Nelson\\Desktop\\book-analytics\\src\\models\\movie.model.ts","statementMap":{"0":{"start":{"line":17,"column":8},"end":{"line":17,"column":21}},"1":{"start":{"line":18,"column":8},"end":{"line":18,"column":27}},"2":{"start":{"line":19,"column":8},"end":{"line":19,"column":20}},"3":{"start":{"line":20,"column":8},"end":{"line":20,"column":30}},"4":{"start":{"line":21,"column":8},"end":{"line":21,"column":23}},"5":{"start":{"line":22,"column":8},"end":{"line":22,"column":21}},"6":{"start":{"line":23,"column":8},"end":{"line":23,"column":26}},"7":{"start":{"line":24,"column":8},"end":{"line":24,"column":24}},"8":{"start":{"line":25,"column":8},"end":{"line":25,"column":22}},"9":{"start":{"line":30,"column":34},"end":{"line":40,"column":13}},"10":{"start":{"line":42,"column":12},"end":{"line":42,"column":24}},"11":{"start":{"line":47,"column":30},"end":{"line":57,"column":13}},"12":{"start":{"line":59,"column":12},"end":{"line":59,"column":24}}},"fnMap":{"0":{"name":"(anonymous_0)","decl":{"start":{"line":16,"column":4},"end":{"line":16,"column":5}},"loc":{"start":{"line":16,"column":17},"end":{"line":26,"column":5}},"line":16},"1":{"name":"(anonymous_1)","decl":{"start":{"line":29,"column":4},"end":{"line":29,"column":5}},"loc":{"start":{"line":29,"column":143},"end":{"line":43,"column":5}},"line":29},"2":{"name":"(anonymous_2)","decl":{"start":{"line":45,"column":4},"end":{"line":45,"column":5}},"loc":{"start":{"line":45,"column":161},"end":{"line":60,"column":5}},"line":45}},"branchMap":{},"s":{"0":2,"1":2,"2":2,"3":2,"4":2,"5":2,"6":2,"7":2,"8":2,"9":1,"10":1,"11":1,"12":1},"f":{"0":2,"1":1,"2":1},"b":{},"_coverageSchema":"1a1c01bbd47fc00a2c39e90264f33305004495a9","hash":"d0f8fe031251d375fcfb831b457e1fabd58815fd"}
,"C:\\Users\\Nelson\\Desktop\\book-analytics\\src\\models\\user.model.ts": {"path":"C:\\Users\\Nelson\\Desktop\\book-analytics\\src\\models\\user.model.ts","statementMap":{"0":{"start":{"line":18,"column":8},"end":{"line":18,"column":25}},"1":{"start":{"line":19,"column":8},"end":{"line":19,"column":26}},"2":{"start":{"line":20,"column":8},"end":{"line":20,"column":21}},"3":{"start":{"line":21,"column":8},"end":{"line":21,"column":21}},"4":{"start":{"line":22,"column":8},"end":{"line":22,"column":24}},"5":{"start":{"line":23,"column":8},"end":{"line":23,"column":24}},"6":{"start":{"line":24,"column":8},"end":{"line":24,"column":24}},"7":{"start":{"line":25,"column":8},"end":{"line":25,"column":23}},"8":{"start":{"line":26,"column":8},"end":{"line":26,"column":27}},"9":{"start":{"line":33,"column":32},"end":{"line":43,"column":13}},"10":{"start":{"line":45,"column":12},"end":{"line":45,"column":23}}},"fnMap":{"0":{"name":"(anonymous_0)","decl":{"start":{"line":17,"column":4},"end":{"line":17,"column":5}},"loc":{"start":{"line":17,"column":17},"end":{"line":28,"column":5}},"line":17},"1":{"name":"(anonymous_1)","decl":{"start":{"line":31,"column":4},"end":{"line":31,"column":5}},"loc":{"start":{"line":31,"column":69},"end":{"line":46,"column":5}},"line":31}},"branchMap":{},"s":{"0":2,"1":2,"2":2,"3":2,"4":2,"5":2,"6":2,"7":2,"8":2,"9":1,"10":1},"f":{"0":2,"1":1},"b":{},"_coverageSchema":"1a1c01bbd47fc00a2c39e90264f33305004495a9","hash":"dbc4d2abd3e68888c8c06fa5196861039376d695"}
,"C:\\Users\\Nelson\\Desktop\\book-analytics\\src\\routes\\movie.router.ts": {"path":"C:\\Users\\Nelson\\Desktop\\book-analytics\\src\\routes\\movie.router.ts","statementMap":{"0":{"start":{"line":4,"column":15},"end":{"line":4,"column":23}},"1":{"start":{"line":6,"column":0},"end":{"line":6,"column":26}},"2":{"start":{"line":8,"column":0},"end":{"line":8,"column":32}},"3":{"start":{"line":10,"column":0},"end":{"line":10,"column":29}}},"fnMap":{},"branchMap":{},"s":{"0":2,"1":2,"2":2,"3":2},"f":{},"b":{},"_coverageSchema":"1a1c01bbd47fc00a2c39e90264f33305004495a9","hash":"71098e6bb4b24da453ca09d3b15c9674b3843393"}
,"C:\\Users\\Nelson\\Desktop\\book-analytics\\src\\routes\\user.router.ts": {"path":"C:\\Users\\Nelson\\Desktop\\book-analytics\\src\\routes\\user.router.ts","statementMap":{"0":{"start":{"line":4,"column":15},"end":{"line":4,"column":23}},"1":{"start":{"line":6,"column":0},"end":{"line":6,"column":24}},"2":{"start":{"line":8,"column":0},"end":{"line":8,"column":31}}},"fnMap":{},"branchMap":{},"s":{"0":2,"1":2,"2":2},"f":{},"b":{},"_coverageSchema":"1a1c01bbd47fc00a2c39e90264f33305004495a9","hash":"0e20421275ce4c976e5c45cb3492c1b77264efad"}
,"C:\\Users\\Nelson\\Desktop\\book-analytics\\src\\services\\movie.service.ts": {"path":"C:\\Users\\Nelson\\Desktop\\book-analytics\\src\\services\\movie.service.ts","statementMap":{"0":{"start":{"line":12,"column":8},"end":{"line":12,"column":42}},"1":{"start":{"line":16,"column":8},"end":{"line":93,"column":9}},"2":{"start":{"line":18,"column":12},"end":{"line":44,"column":13}},"3":{"start":{"line":19,"column":16},"end":{"line":43,"column":17}},"4":{"start":{"line":21,"column":35},"end":{"line":27,"column":22}},"5":{"start":{"line":28,"column":20},"end":{"line":28,"column":133}},"6":{"start":{"line":28,"column":32},"end":{"line":28,"column":133}},"7":{"start":{"line":30,"column":20},"end":{"line":30,"column":33}},"8":{"start":{"line":33,"column":35},"end":{"line":39,"column":22}},"9":{"start":{"line":40,"column":20},"end":{"line":40,"column":134}},"10":{"start":{"line":40,"column":32},"end":{"line":40,"column":134}},"11":{"start":{"line":42,"column":20},"end":{"line":42,"column":33}},"12":{"start":{"line":46,"column":12},"end":{"line":66,"column":13}},"13":{"start":{"line":47,"column":16},"end":{"line":65,"column":17}},"14":{"start":{"line":48,"column":35},"end":{"line":54,"column":22}},"15":{"start":{"line":55,"column":20},"end":{"line":55,"column":129}},"16":{"start":{"line":55,"column":32},"end":{"line":55,"column":129}},"17":{"start":{"line":56,"column":20},"end":{"line":56,"column":33}},"18":{"start":{"line":58,"column":35},"end":{"line":61,"column":22}},"19":{"start":{"line":63,"column":20},"end":{"line":63,"column":130}},"20":{"start":{"line":63,"column":32},"end":{"line":63,"column":130}},"21":{"start":{"line":64,"column":20},"end":{"line":64,"column":33}},"22":{"start":{"line":68,"column":12},"end":{"line":77,"column":13}},"23":{"start":{"line":69,"column":31},"end":{"line":72,"column":18}},"24":{"start":{"line":74,"column":16},"end":{"line":74,"column":125}},"25":{"start":{"line":74,"column":28},"end":{"line":74,"column":125}},"26":{"start":{"line":76,"column":16},"end":{"line":76,"column":29}},"27":{"start":{"line":79,"column":27},"end":{"line":85,"column":14}},"28":{"start":{"line":87,"column":12},"end":{"line":87,"column":98}},"29":{"start":{"line":87,"column":24},"end":{"line":87,"column":98}},"30":{"start":{"line":89,"column":12},"end":{"line":89,"column":25}},"31":{"start":{"line":92,"column":12},"end":{"line":92,"column":23}},"32":{"start":{"line":97,"column":8},"end":{"line":112,"column":9}},"33":{"start":{"line":99,"column":12},"end":{"line":100,"column":86}},"34":{"start":{"line":100,"column":16},"end":{"line":100,"column":86}},"35":{"start":{"line":102,"column":33},"end":{"line":102,"column":129}},"36":{"start":{"line":104,"column":12},"end":{"line":104,"column":106}},"37":{"start":{"line":104,"column":30},"end":{"line":104,"column":106}},"38":{"start":{"line":106,"column":12},"end":{"line":106,"column":49}},"39":{"start":{"line":108,"column":12},"end":{"line":108,"column":31}},"40":{"start":{"line":111,"column":12},"end":{"line":111,"column":23}},"41":{"start":{"line":116,"column":8},"end":{"line":131,"column":9}},"42":{"start":{"line":118,"column":12},"end":{"line":119,"column":82}},"43":{"start":{"line":119,"column":12},"end":{"line":119,"column":82}},"44":{"start":{"line":121,"column":32},"end":{"line":121,"column":138}},"45":{"start":{"line":123,"column":8},"end":{"line":123,"column":105}},"46":{"start":{"line":123,"column":29},"end":{"line":123,"column":105}},"47":{"start":{"line":125,"column":8},"end":{"line":125,"column":48}},"48":{"start":{"line":127,"column":8},"end":{"line":127,"column":30}},"49":{"start":{"line":130,"column":12},"end":{"line":130,"column":23}},"50":{"start":{"line":135,"column":8},"end":{"line":147,"column":9}},"51":{"start":{"line":137,"column":12},"end":{"line":137,"column":85}},"52":{"start":{"line":137,"column":20},"end":{"line":137,"column":85}},"53":{"start":{"line":139,"column":26},"end":{"line":139,"column":50}},"54":{"start":{"line":140,"column":12},"end":{"line":140,"column":30}},"55":{"start":{"line":141,"column":12},"end":{"line":141,"column":88}},"56":{"start":{"line":141,"column":23},"end":{"line":141,"column":88}},"57":{"start":{"line":143,"column":12},"end":{"line":143,"column":24}},"58":{"start":{"line":146,"column":12},"end":{"line":146,"column":23}}},"fnMap":{"0":{"name":"(anonymous_0)","decl":{"start":{"line":10,"column":4},"end":{"line":10,"column":5}},"loc":{"start":{"line":10,"column":17},"end":{"line":13,"column":5}},"line":10},"1":{"name":"(anonymous_1)","decl":{"start":{"line":15,"column":4},"end":{"line":15,"column":5}},"loc":{"start":{"line":15,"column":83},"end":{"line":94,"column":5}},"line":15},"2":{"name":"(anonymous_2)","decl":{"start":{"line":96,"column":4},"end":{"line":96,"column":5}},"loc":{"start":{"line":96,"column":149},"end":{"line":113,"column":5}},"line":96},"3":{"name":"(anonymous_3)","decl":{"start":{"line":115,"column":4},"end":{"line":115,"column":5}},"loc":{"start":{"line":115,"column":167},"end":{"line":132,"column":5}},"line":115},"4":{"name":"(anonymous_4)","decl":{"start":{"line":134,"column":4},"end":{"line":134,"column":5}},"loc":{"start":{"line":134,"column":34},"end":{"line":148,"column":5}},"line":134},"5":{"name":"(anonymous_5)","decl":{"start":{"line":150,"column":4},"end":{"line":150,"column":5}},"loc":{"start":{"line":150,"column":23},"end":{"line":152,"column":5}},"line":150},"6":{"name":"(anonymous_6)","decl":{"start":{"line":154,"column":4},"end":{"line":154,"column":5}},"loc":{"start":{"line":154,"column":23},"end":{"line":156,"column":5}},"line":154}},"branchMap":{"0":{"loc":{"start":{"line":18,"column":12},"end":{"line":44,"column":13}},"type":"if","locations":[{"start":{"line":18,"column":12},"end":{"line":44,"column":13}},{"start":{},"end":{}}],"line":18},"1":{"loc":{"start":{"line":19,"column":16},"end":{"line":43,"column":17}},"type":"if","locations":[{"start":{"line":19,"column":16},"end":{"line":43,"column":17}},{"start":{"line":31,"column":21},"end":{"line":43,"column":17}}],"line":19},"2":{"loc":{"start":{"line":28,"column":20},"end":{"line":28,"column":133}},"type":"if","locations":[{"start":{"line":28,"column":20},"end":{"line":28,"column":133}},{"start":{},"end":{}}],"line":28},"3":{"loc":{"start":{"line":40,"column":20},"end":{"line":40,"column":134}},"type":"if","locations":[{"start":{"line":40,"column":20},"end":{"line":40,"column":134}},{"start":{},"end":{}}],"line":40},"4":{"loc":{"start":{"line":46,"column":12},"end":{"line":66,"column":13}},"type":"if","locations":[{"start":{"line":46,"column":12},"end":{"line":66,"column":13}},{"start":{},"end":{}}],"line":46},"5":{"loc":{"start":{"line":47,"column":16},"end":{"line":65,"column":17}},"type":"if","locations":[{"start":{"line":47,"column":16},"end":{"line":65,"column":17}},{"start":{"line":57,"column":21},"end":{"line":65,"column":17}}],"line":47},"6":{"loc":{"start":{"line":55,"column":20},"end":{"line":55,"column":129}},"type":"if","locations":[{"start":{"line":55,"column":20},"end":{"line":55,"column":129}},{"start":{},"end":{}}],"line":55},"7":{"loc":{"start":{"line":63,"column":20},"end":{"line":63,"column":130}},"type":"if","locations":[{"start":{"line":63,"column":20},"end":{"line":63,"column":130}},{"start":{},"end":{}}],"line":63},"8":{"loc":{"start":{"line":68,"column":12},"end":{"line":77,"column":13}},"type":"if","locations":[{"start":{"line":68,"column":12},"end":{"line":77,"column":13}},{"start":{},"end":{}}],"line":68},"9":{"loc":{"start":{"line":68,"column":15},"end":{"line":68,"column":34}},"type":"binary-expr","locations":[{"start":{"line":68,"column":15},"end":{"line":68,"column":24}},{"start":{"line":68,"column":28},"end":{"line":68,"column":34}}],"line":68},"10":{"loc":{"start":{"line":74,"column":16},"end":{"line":74,"column":125}},"type":"if","locations":[{"start":{"line":74,"column":16},"end":{"line":74,"column":125}},{"start":{},"end":{}}],"line":74},"11":{"loc":{"start":{"line":87,"column":12},"end":{"line":87,"column":98}},"type":"if","locations":[{"start":{"line":87,"column":12},"end":{"line":87,"column":98}},{"start":{},"end":{}}],"line":87},"12":{"loc":{"start":{"line":99,"column":12},"end":{"line":100,"column":86}},"type":"if","locations":[{"start":{"line":99,"column":12},"end":{"line":100,"column":86}},{"start":{},"end":{}}],"line":99},"13":{"loc":{"start":{"line":99,"column":15},"end":{"line":99,"column":97}},"type":"binary-expr","locations":[{"start":{"line":99,"column":15},"end":{"line":99,"column":21}},{"start":{"line":99,"column":25},"end":{"line":99,"column":37}},{"start":{"line":99,"column":41},"end":{"line":99,"column":50}},{"start":{"line":99,"column":54},"end":{"line":99,"column":62}},{"start":{"line":99,"column":66},"end":{"line":99,"column":72}},{"start":{"line":99,"column":76},"end":{"line":99,"column":85}},{"start":{"line":99,"column":89},"end":{"line":99,"column":97}}],"line":99},"14":{"loc":{"start":{"line":104,"column":12},"end":{"line":104,"column":106}},"type":"if","locations":[{"start":{"line":104,"column":12},"end":{"line":104,"column":106}},{"start":{},"end":{}}],"line":104},"15":{"loc":{"start":{"line":118,"column":12},"end":{"line":119,"column":82}},"type":"if","locations":[{"start":{"line":118,"column":12},"end":{"line":119,"column":82}},{"start":{},"end":{}}],"line":118},"16":{"loc":{"start":{"line":118,"column":15},"end":{"line":118,"column":107}},"type":"binary-expr","locations":[{"start":{"line":118,"column":15},"end":{"line":118,"column":21}},{"start":{"line":118,"column":25},"end":{"line":118,"column":37}},{"start":{"line":118,"column":41},"end":{"line":118,"column":47}},{"start":{"line":118,"column":51},"end":{"line":118,"column":60}},{"start":{"line":118,"column":64},"end":{"line":118,"column":72}},{"start":{"line":118,"column":76},"end":{"line":118,"column":82}},{"start":{"line":118,"column":86},"end":{"line":118,"column":95}},{"start":{"line":118,"column":99},"end":{"line":118,"column":107}}],"line":118},"17":{"loc":{"start":{"line":123,"column":8},"end":{"line":123,"column":105}},"type":"if","locations":[{"start":{"line":123,"column":8},"end":{"line":123,"column":105}},{"start":{},"end":{}}],"line":123},"18":{"loc":{"start":{"line":137,"column":12},"end":{"line":137,"column":85}},"type":"if","locations":[{"start":{"line":137,"column":12},"end":{"line":137,"column":85}},{"start":{},"end":{}}],"line":137},"19":{"loc":{"start":{"line":141,"column":12},"end":{"line":141,"column":88}},"type":"if","locations":[{"start":{"line":141,"column":12},"end":{"line":141,"column":88}},{"start":{},"end":{}}],"line":141}},"s":{"0":2,"1":1,"2":1,"3":1,"4":0,"5":0,"6":0,"7":0,"8":1,"9":1,"10":0,"11":1,"12":0,"13":0,"14":0,"15":0,"16":0,"17":0,"18":0,"19":0,"20":0,"21":0,"22":0,"23":0,"24":0,"25":0,"26":0,"27":0,"28":0,"29":0,"30":0,"31":0,"32":1,"33":1,"34":0,"35":1,"36":1,"37":0,"38":1,"39":1,"40":0,"41":1,"42":1,"43":0,"44":1,"45":1,"46":0,"47":1,"48":1,"49":0,"50":1,"51":1,"52":0,"53":1,"54":1,"55":1,"56":0,"57":1,"58":0},"f":{"0":2,"1":1,"2":1,"3":1,"4":1,"5":0,"6":0},"b":{"0":[1,0],"1":[0,1],"2":[0,0],"3":[0,1],"4":[0,0],"5":[0,0],"6":[0,0],"7":[0,0],"8":[0,0],"9":[0,0],"10":[0,0],"11":[0,0],"12":[0,1],"13":[1,1,1,1,1,1,1],"14":[0,1],"15":[0,1],"16":[1,1,1,1,1,1,1,1],"17":[0,1],"18":[0,1],"19":[0,1]},"_coverageSchema":"1a1c01bbd47fc00a2c39e90264f33305004495a9","hash":"a444779bca2b11a387ed262b2a15167131affb37"}
,"C:\\Users\\Nelson\\Desktop\\book-analytics\\src\\services\\user.service.ts": {"path":"C:\\Users\\Nelson\\Desktop\\book-analytics\\src\\services\\user.service.ts","statementMap":{"0":{"start":{"line":12,"column":8},"end":{"line":12,"column":40}},"1":{"start":{"line":16,"column":8},"end":{"line":38,"column":9}},"2":{"start":{"line":18,"column":12},"end":{"line":18,"column":126}},"3":{"start":{"line":18,"column":50},"end":{"line":18,"column":126}},"4":{"start":{"line":20,"column":31},"end":{"line":24,"column":14}},"5":{"start":{"line":26,"column":12},"end":{"line":26,"column":115}},"6":{"start":{"line":26,"column":42},"end":{"line":26,"column":115}},"7":{"start":{"line":28,"column":25},"end":{"line":28,"column":81}},"8":{"start":{"line":30,"column":12},"end":{"line":30,"column":109}},"9":{"start":{"line":30,"column":22},"end":{"line":30,"column":109}},"10":{"start":{"line":32,"column":12},"end":{"line":32,"column":40}},"11":{"start":{"line":34,"column":12},"end":{"line":34,"column":23}},"12":{"start":{"line":37,"column":12},"end":{"line":37,"column":23}}},"fnMap":{"0":{"name":"(anonymous_0)","decl":{"start":{"line":10,"column":4},"end":{"line":10,"column":5}},"loc":{"start":{"line":10,"column":17},"end":{"line":13,"column":5}},"line":10},"1":{"name":"(anonymous_1)","decl":{"start":{"line":15,"column":4},"end":{"line":15,"column":5}},"loc":{"start":{"line":15,"column":82},"end":{"line":39,"column":5}},"line":15}},"branchMap":{"0":{"loc":{"start":{"line":18,"column":12},"end":{"line":18,"column":126}},"type":"if","locations":[{"start":{"line":18,"column":12},"end":{"line":18,"column":126}},{"start":{},"end":{}}],"line":18},"1":{"loc":{"start":{"line":18,"column":15},"end":{"line":18,"column":48}},"type":"binary-expr","locations":[{"start":{"line":18,"column":15},"end":{"line":18,"column":25}},{"start":{"line":18,"column":29},"end":{"line":18,"column":35}},{"start":{"line":18,"column":39},"end":{"line":18,"column":48}}],"line":18},"2":{"loc":{"start":{"line":26,"column":12},"end":{"line":26,"column":115}},"type":"if","locations":[{"start":{"line":26,"column":12},"end":{"line":26,"column":115}},{"start":{},"end":{}}],"line":26},"3":{"loc":{"start":{"line":30,"column":12},"end":{"line":30,"column":109}},"type":"if","locations":[{"start":{"line":30,"column":12},"end":{"line":30,"column":109}},{"start":{},"end":{}}],"line":30}},"s":{"0":2,"1":1,"2":1,"3":0,"4":1,"5":1,"6":0,"7":1,"8":1,"9":0,"10":1,"11":1,"12":0},"f":{"0":2,"1":1},"b":{"0":[0,1],"1":[1,1,1],"2":[0,1],"3":[0,1]},"_coverageSchema":"1a1c01bbd47fc00a2c39e90264f33305004495a9","hash":"bc092fd87ac04f3f50aa04c60e0c579daa482d9d"}
,"C:\\Users\\Nelson\\Desktop\\book-analytics\\src\\utils\\bcryptConfig.ts": {"path":"C:\\Users\\Nelson\\Desktop\\book-analytics\\src\\utils\\bcryptConfig.ts","statementMap":{"0":{"start":{"line":3,"column":28},"end":{"line":6,"column":1}},"1":{"start":{"line":5,"column":4},"end":{"line":5,"column":36}},"2":{"start":{"line":8,"column":29},"end":{"line":10,"column":1}},"3":{"start":{"line":9,"column":4},"end":{"line":9,"column":56}}},"fnMap":{"0":{"name":"(anonymous_0)","decl":{"start":{"line":3,"column":28},"end":{"line":3,"column":29}},"loc":{"start":{"line":3,"column":48},"end":{"line":6,"column":1}},"line":3},"1":{"name":"(anonymous_1)","decl":{"start":{"line":8,"column":29},"end":{"line":8,"column":30}},"loc":{"start":{"line":8,"column":61},"end":{"line":10,"column":1}},"line":8}},"branchMap":{},"s":{"0":2,"1":1,"2":2,"3":0},"f":{"0":1,"1":0},"b":{},"_coverageSchema":"1a1c01bbd47fc00a2c39e90264f33305004495a9","hash":"a8d4b5ab550fa427e9fe354811fb1ed5323aa07c"}
}
