TN:
SF:src\server.ts
FN:44,(anonymous_0)
FNF:1
FNH:1
FNDA:2,(anonymous_0)
DA:12,2
DA:23,2
DA:24,2
DA:26,2
DA:27,2
DA:28,2
DA:29,2
DA:30,2
DA:35,2
DA:36,2
DA:39,2
DA:40,2
DA:44,2
DA:45,2
DA:46,2
DA:48,2
DA:49,2
DA:50,2
DA:51,2
DA:62,2
LF:20
LH:20
BRF:0
BRH:0
end_of_record
TN:
SF:src\controllers\movie.controllers.ts
FN:7,(anonymous_0)
FN:23,(anonymous_1)
FN:48,(anonymous_2)
FNF:3
FNH:2
FNDA:0,(anonymous_0)
FNDA:2,(anonymous_1)
FNDA:1,(anonymous_2)
DA:5,2
DA:7,2
DA:9,0
DA:10,0
DA:11,0
DA:13,0
DA:19,0
DA:23,2
DA:25,2
DA:26,2
DA:27,2
DA:28,2
DA:29,1
DA:31,1
DA:36,1
DA:38,1
DA:44,0
DA:48,2
DA:49,1
DA:50,1
DA:52,1
DA:54,1
DA:59,0
LF:23
LH:16
BRDA:9,0,0,0
BRDA:9,1,0,0
BRDA:28,2,0,1
BRDA:28,2,1,1
BRF:4
BRH:2
end_of_record
TN:
SF:src\controllers\user.controllers.ts
FN:5,(anonymous_0)
FN:19,(anonymous_1)
FN:35,(anonymous_2)
FN:52,(anonymous_3)
FN:54,(anonymous_4)
FNF:5
FNH:3
FNDA:1,(anonymous_0)
FNDA:1,(anonymous_1)
FNDA:2,(anonymous_2)
FNDA:0,(anonymous_3)
FNDA:0,(anonymous_4)
DA:3,2
DA:5,2
DA:6,1
DA:7,1
DA:8,1
DA:10,1
DA:15,0
DA:19,2
DA:20,1
DA:21,1
DA:22,1
DA:24,1
DA:26,1
DA:31,0
DA:35,2
DA:36,2
DA:37,2
DA:39,2
DA:41,2
DA:43,2
DA:48,0
DA:52,2
DA:53,0
DA:54,0
DA:55,0
DA:58,0
LF:26
LH:19
BRDA:6,0,0,1
BRDA:6,1,0,1
BRF:2
BRH:2
end_of_record
TN:
SF:src\db\pgConfig.ts
FNF:0
FNH:0
DA:2,2
DA:4,2
LF:2
LH:2
BRF:0
BRH:0
end_of_record
TN:
SF:src\db\pgConnection.ts
FNF:0
FNH:0
DA:5,2
DA:9,2
LF:2
LH:2
BRF:0
BRH:0
end_of_record
TN:
SF:src\db\models\interactions.table.ts
FNF:0
FNH:0
DA:6,2
LF:1
LH:1
BRF:0
BRH:0
end_of_record
TN:
SF:src\db\models\movie.table.ts
FNF:0
FNH:0
DA:4,2
LF:1
LH:1
BRF:0
BRH:0
end_of_record
TN:
SF:src\db\models\soldHistory.table.ts
FNF:0
FNH:0
DA:6,2
LF:1
LH:1
BRF:0
BRH:0
end_of_record
TN:
SF:src\db\models\user.table.ts
FNF:0
FNH:0
DA:4,2
LF:1
LH:1
BRF:0
BRH:0
end_of_record
TN:
SF:src\middlewares\validateSessionUser.ts
FN:4,(anonymous_0)
FNF:1
FNH:1
FNDA:1,(anonymous_0)
DA:4,2
DA:5,1
DA:6,1
DA:7,1
DA:8,1
DA:10,0
LF:6
LH:5
BRDA:7,0,0,0
BRDA:7,0,1,1
BRF:2
BRH:1
end_of_record
TN:
SF:src\models\customError.model.ts
FN:9,(anonymous_0)
FNF:1
FNH:0
FNDA:0,(anonymous_0)
DA:10,0
DA:11,0
DA:13,0
DA:14,0
DA:15,0
DA:16,0
DA:18,0
LF:7
LH:0
BRF:0
BRH:0
end_of_record
TN:
SF:src\models\movie.model.ts
FN:16,(anonymous_0)
FN:29,(anonymous_1)
FN:45,(anonymous_2)
FNF:3
FNH:3
FNDA:2,(anonymous_0)
FNDA:1,(anonymous_1)
FNDA:1,(anonymous_2)
DA:17,2
DA:18,2
DA:19,2
DA:20,2
DA:21,2
DA:22,2
DA:23,2
DA:24,2
DA:25,2
DA:30,1
DA:42,1
DA:47,1
DA:59,1
LF:13
LH:13
BRF:0
BRH:0
end_of_record
TN:
SF:src\models\user.model.ts
FN:17,(anonymous_0)
FN:31,(anonymous_1)
FNF:2
FNH:2
FNDA:2,(anonymous_0)
FNDA:1,(anonymous_1)
DA:18,2
DA:19,2
DA:20,2
DA:21,2
DA:22,2
DA:23,2
DA:24,2
DA:25,2
DA:26,2
DA:33,1
DA:45,1
LF:11
LH:11
BRF:0
BRH:0
end_of_record
TN:
SF:src\routes\movie.router.ts
FNF:0
FNH:0
DA:5,2
DA:7,2
DA:9,2
DA:11,2
LF:4
LH:4
BRF:0
BRH:0
end_of_record
TN:
SF:src\routes\user.router.ts
FNF:0
FNH:0
DA:4,2
DA:6,2
DA:8,2
DA:10,2
DA:12,2
LF:5
LH:5
BRF:0
BRH:0
end_of_record
TN:
SF:src\services\movie.service.ts
FN:10,(anonymous_0)
FN:15,(anonymous_1)
FN:96,(anonymous_2)
FN:115,(anonymous_3)
FN:134,(anonymous_4)
FN:150,(anonymous_5)
FN:154,(anonymous_6)
FNF:7
FNH:4
FNDA:2,(anonymous_0)
FNDA:0,(anonymous_1)
FNDA:1,(anonymous_2)
FNDA:1,(anonymous_3)
FNDA:1,(anonymous_4)
FNDA:0,(anonymous_5)
FNDA:0,(anonymous_6)
DA:12,2
DA:16,0
DA:18,0
DA:19,0
DA:21,0
DA:28,0
DA:30,0
DA:33,0
DA:40,0
DA:42,0
DA:46,0
DA:47,0
DA:48,0
DA:55,0
DA:56,0
DA:58,0
DA:63,0
DA:64,0
DA:68,0
DA:69,0
DA:74,0
DA:76,0
DA:79,0
DA:87,0
DA:89,0
DA:92,0
DA:97,1
DA:99,1
DA:100,0
DA:102,1
DA:104,1
DA:106,1
DA:108,1
DA:111,0
DA:116,1
DA:118,1
DA:119,0
DA:121,1
DA:123,1
DA:125,1
DA:127,1
DA:130,0
DA:135,1
DA:137,1
DA:139,1
DA:141,1
DA:143,1
DA:146,0
LF:48
LH:18
BRDA:18,0,0,0
BRDA:18,0,1,0
BRDA:19,1,0,0
BRDA:19,1,1,0
BRDA:28,2,0,0
BRDA:28,2,1,0
BRDA:40,3,0,0
BRDA:40,3,1,0
BRDA:46,4,0,0
BRDA:46,4,1,0
BRDA:47,5,0,0
BRDA:47,5,1,0
BRDA:55,6,0,0
BRDA:55,6,1,0
BRDA:63,7,0,0
BRDA:63,7,1,0
BRDA:68,8,0,0
BRDA:68,8,1,0
BRDA:68,9,0,0
BRDA:68,9,1,0
BRDA:74,10,0,0
BRDA:74,10,1,0
BRDA:87,11,0,0
BRDA:87,11,1,0
BRDA:99,12,0,0
BRDA:99,12,1,1
BRDA:99,13,0,1
BRDA:99,13,1,1
BRDA:99,13,2,1
BRDA:99,13,3,1
BRDA:99,13,4,1
BRDA:99,13,5,1
BRDA:99,13,6,1
BRDA:104,14,0,0
BRDA:104,14,1,1
BRDA:118,15,0,0
BRDA:118,15,1,1
BRDA:118,16,0,1
BRDA:118,16,1,1
BRDA:118,16,2,1
BRDA:118,16,3,1
BRDA:118,16,4,1
BRDA:118,16,5,1
BRDA:118,16,6,1
BRDA:118,16,7,1
BRDA:123,17,0,0
BRDA:123,17,1,1
BRDA:137,18,0,0
BRDA:137,18,1,1
BRDA:141,19,0,0
BRDA:141,19,1,1
BRF:51
BRH:21
end_of_record
TN:
SF:src\services\user.service.ts
FN:12,(anonymous_0)
FN:17,(anonymous_1)
FN:33,(anonymous_2)
FN:59,(anonymous_3)
FNF:4
FNH:4
FNDA:2,(anonymous_0)
FNDA:1,(anonymous_1)
FNDA:1,(anonymous_2)
FNDA:2,(anonymous_3)
DA:14,2
DA:18,1
DA:20,1
DA:25,1
DA:27,1
DA:29,0
DA:34,1
DA:36,1
DA:38,1
DA:44,1
DA:46,1
DA:48,1
DA:50,1
DA:52,1
DA:55,0
DA:60,2
DA:61,2
DA:63,2
DA:69,2
DA:71,2
DA:74,2
DA:76,2
DA:79,0
LF:23
LH:20
BRDA:25,0,0,0
BRDA:25,0,1,1
BRDA:36,1,0,0
BRDA:36,1,1,1
BRDA:36,2,0,1
BRDA:36,2,1,1
BRDA:36,2,2,1
BRDA:44,3,0,0
BRDA:44,3,1,1
BRDA:48,4,0,0
BRDA:48,4,1,1
BRDA:61,5,0,0
BRDA:61,5,1,2
BRDA:61,6,0,2
BRDA:61,6,1,2
BRDA:69,7,0,0
BRDA:69,7,1,2
BRDA:74,8,0,0
BRDA:74,8,1,2
BRF:19
BRH:12
end_of_record
TN:
SF:src\utils\bcryptConfig.ts
FN:3,(anonymous_0)
FN:8,(anonymous_1)
FNF:2
FNH:2
FNDA:1,(anonymous_0)
FNDA:2,(anonymous_1)
DA:3,2
DA:5,1
DA:8,2
DA:9,2
LF:4
LH:4
BRF:0
BRH:0
end_of_record
