TN:
SF:src\server.ts
FN:44,(anonymous_0)
FNF:1
FNH:1
FNDA:2,(anonymous_0)
DA:12,2
DA:23,2
DA:24,2
DA:26,2
DA:27,2
DA:28,2
DA:29,2
DA:30,2
DA:35,2
DA:36,2
DA:39,2
DA:40,2
DA:44,2
DA:45,2
DA:46,2
DA:62,2
LF:16
LH:16
BRF:0
BRH:0
end_of_record
TN:
SF:src\controllers\movie.controllers.ts
FN:6,(anonymous_0)
FN:22,(anonymous_1)
FN:48,(anonymous_2)
FNF:3
FNH:3
FNDA:1,(anonymous_0)
FNDA:2,(anonymous_1)
FNDA:1,(anonymous_2)
DA:4,2
DA:6,2
DA:8,1
DA:9,1
DA:10,1
DA:12,1
DA:18,0
DA:22,2
DA:24,2
DA:25,2
DA:26,2
DA:27,2
DA:28,1
DA:30,1
DA:35,1
DA:37,1
DA:43,0
DA:48,2
DA:49,1
DA:50,1
DA:52,1
DA:53,1
DA:55,1
DA:57,1
DA:62,0
LF:25
LH:22
BRDA:8,0,0,1
BRDA:8,1,0,1
BRDA:27,2,0,1
BRDA:27,2,1,1
BRF:4
BRH:4
end_of_record
TN:
SF:src\controllers\user.controllers.ts
FN:5,(anonymous_0)
FN:13,(anonymous_1)
FNF:2
FNH:1
FNDA:0,(anonymous_0)
FNDA:1,(anonymous_1)
DA:3,2
DA:5,2
DA:6,0
DA:7,0
DA:9,0
DA:13,2
DA:14,1
DA:15,1
DA:16,1
DA:18,1
DA:20,1
DA:25,0
LF:12
LH:8
BRF:0
BRH:0
end_of_record
TN:
SF:src\db\pgConfig.ts
FNF:0
FNH:0
DA:2,2
DA:4,2
LF:2
LH:2
BRF:0
BRH:0
end_of_record
TN:
SF:src\db\pgConnection.ts
FNF:0
FNH:0
DA:5,2
DA:9,2
LF:2
LH:2
BRF:0
BRH:0
end_of_record
TN:
SF:src\db\models\movie.table.ts
FNF:0
FNH:0
DA:4,2
LF:1
LH:1
BRF:0
BRH:0
end_of_record
TN:
SF:src\db\models\user.table.ts
FNF:0
FNH:0
DA:4,2
LF:1
LH:1
BRF:0
BRH:0
end_of_record
TN:
SF:src\models\customError.model.ts
FN:9,(anonymous_0)
FNF:1
FNH:0
FNDA:0,(anonymous_0)
DA:10,0
DA:11,0
DA:13,0
DA:14,0
DA:15,0
DA:16,0
DA:18,0
LF:7
LH:0
BRF:0
BRH:0
end_of_record
TN:
SF:src\models\movie.model.ts
FN:16,(anonymous_0)
FN:29,(anonymous_1)
FN:45,(anonymous_2)
FNF:3
FNH:3
FNDA:2,(anonymous_0)
FNDA:1,(anonymous_1)
FNDA:1,(anonymous_2)
DA:17,2
DA:18,2
DA:19,2
DA:20,2
DA:21,2
DA:22,2
DA:23,2
DA:24,2
DA:25,2
DA:30,1
DA:42,1
DA:47,1
DA:59,1
LF:13
LH:13
BRF:0
BRH:0
end_of_record
TN:
SF:src\models\user.model.ts
FN:17,(anonymous_0)
FN:31,(anonymous_1)
FNF:2
FNH:2
FNDA:2,(anonymous_0)
FNDA:1,(anonymous_1)
DA:18,2
DA:19,2
DA:20,2
DA:21,2
DA:22,2
DA:23,2
DA:24,2
DA:25,2
DA:26,2
DA:33,1
DA:45,1
LF:11
LH:11
BRF:0
BRH:0
end_of_record
TN:
SF:src\routes\movie.router.ts
FNF:0
FNH:0
DA:4,2
DA:6,2
DA:8,2
DA:10,2
LF:4
LH:4
BRF:0
BRH:0
end_of_record
TN:
SF:src\routes\user.router.ts
FNF:0
FNH:0
DA:4,2
DA:6,2
DA:8,2
LF:3
LH:3
BRF:0
BRH:0
end_of_record
TN:
SF:src\services\movie.service.ts
FN:10,(anonymous_0)
FN:15,(anonymous_1)
FN:96,(anonymous_2)
FN:115,(anonymous_3)
FN:134,(anonymous_4)
FN:150,(anonymous_5)
FN:154,(anonymous_6)
FNF:7
FNH:5
FNDA:2,(anonymous_0)
FNDA:1,(anonymous_1)
FNDA:1,(anonymous_2)
FNDA:1,(anonymous_3)
FNDA:1,(anonymous_4)
FNDA:0,(anonymous_5)
FNDA:0,(anonymous_6)
DA:12,2
DA:16,1
DA:18,1
DA:19,1
DA:21,0
DA:28,0
DA:30,0
DA:33,1
DA:40,1
DA:42,1
DA:46,0
DA:47,0
DA:48,0
DA:55,0
DA:56,0
DA:58,0
DA:63,0
DA:64,0
DA:68,0
DA:69,0
DA:74,0
DA:76,0
DA:79,0
DA:87,0
DA:89,0
DA:92,0
DA:97,1
DA:99,1
DA:100,0
DA:102,1
DA:104,1
DA:106,1
DA:108,1
DA:111,0
DA:116,1
DA:118,1
DA:119,0
DA:121,1
DA:123,1
DA:125,1
DA:127,1
DA:130,0
DA:135,1
DA:137,1
DA:139,1
DA:140,1
DA:141,1
DA:143,1
DA:146,0
LF:49
LH:25
BRDA:18,0,0,1
BRDA:18,0,1,0
BRDA:19,1,0,0
BRDA:19,1,1,1
BRDA:28,2,0,0
BRDA:28,2,1,0
BRDA:40,3,0,0
BRDA:40,3,1,1
BRDA:46,4,0,0
BRDA:46,4,1,0
BRDA:47,5,0,0
BRDA:47,5,1,0
BRDA:55,6,0,0
BRDA:55,6,1,0
BRDA:63,7,0,0
BRDA:63,7,1,0
BRDA:68,8,0,0
BRDA:68,8,1,0
BRDA:68,9,0,0
BRDA:68,9,1,0
BRDA:74,10,0,0
BRDA:74,10,1,0
BRDA:87,11,0,0
BRDA:87,11,1,0
BRDA:99,12,0,0
BRDA:99,12,1,1
BRDA:99,13,0,1
BRDA:99,13,1,1
BRDA:99,13,2,1
BRDA:99,13,3,1
BRDA:99,13,4,1
BRDA:99,13,5,1
BRDA:99,13,6,1
BRDA:104,14,0,0
BRDA:104,14,1,1
BRDA:118,15,0,0
BRDA:118,15,1,1
BRDA:118,16,0,1
BRDA:118,16,1,1
BRDA:118,16,2,1
BRDA:118,16,3,1
BRDA:118,16,4,1
BRDA:118,16,5,1
BRDA:118,16,6,1
BRDA:118,16,7,1
BRDA:123,17,0,0
BRDA:123,17,1,1
BRDA:137,18,0,0
BRDA:137,18,1,1
BRDA:141,19,0,0
BRDA:141,19,1,1
BRF:51
BRH:24
end_of_record
TN:
SF:src\services\user.service.ts
FN:10,(anonymous_0)
FN:15,(anonymous_1)
FNF:2
FNH:2
FNDA:2,(anonymous_0)
FNDA:1,(anonymous_1)
DA:12,2
DA:16,1
DA:18,1
DA:20,1
DA:26,1
DA:28,1
DA:30,1
DA:32,1
DA:34,1
DA:37,0
LF:10
LH:9
BRDA:18,0,0,0
BRDA:18,0,1,1
BRDA:18,1,0,1
BRDA:18,1,1,1
BRDA:18,1,2,1
BRDA:26,2,0,0
BRDA:26,2,1,1
BRDA:30,3,0,0
BRDA:30,3,1,1
BRF:9
BRH:6
end_of_record
TN:
SF:src\utils\bcryptConfig.ts
FN:3,(anonymous_0)
FN:8,(anonymous_1)
FNF:2
FNH:1
FNDA:1,(anonymous_0)
FNDA:0,(anonymous_1)
DA:3,2
DA:5,1
DA:8,2
DA:9,0
LF:4
LH:3
BRF:0
BRH:0
end_of_record
